<?xml version="1.0" encoding="UTF-8"?>
<!-- Generated by org.testng.reporters.JUnitReportReporter -->
<testsuite skipped="0" hostname="DESKTOP-NRGQI37" name="Academy.EndtoEnd.HomePage" tests="2" failures="0" timestamp="2020-07-08T17:25:57 CDT" time="9.438" errors="0">
  <testcase name="basepageNaviagation" time="6.377" classname="Academy.EndtoEnd.HomePage"/>
  <system-out/>
  <testcase name="basepageNaviagation" time="3.061" classname="Academy.EndtoEnd.HomePage"/>
  <system-out/>
</testsuite> <!-- Academy.EndtoEnd.HomePage -->
