<?xml version="1.0" encoding="UTF-8"?>
<!-- Generated by org.testng.reporters.JUnitReportReporter -->
<testsuite skipped="0" hostname="DESKTOP-NRGQI37" name="Academy.EndtoEnd.ValidateTitle" tests="1" failures="0" timestamp="2020-07-08T15:38:07 CDT" time="0.118" errors="0">
  <testcase name="basepageNaviagation" time="0.118" classname="Academy.EndtoEnd.ValidateTitle"/>
  <system-out/>
</testsuite> <!-- Academy.EndtoEnd.ValidateTitle -->
