<?xml version="1.0" encoding="UTF-8"?>
<!-- Generated by org.testng.reporters.JUnitReportReporter -->
<testsuite skipped="0" hostname="DESKTOP-NRGQI37" name="Academy.EndtoEnd.HomePage" tests="2" failures="0" timestamp="2020-07-08T15:38:07 CDT" time="8.078" errors="0">
  <testcase name="basepageNaviagation" time="2.951" classname="Academy.EndtoEnd.HomePage"/>
  <system-out/>
  <testcase name="basepageNaviagation" time="5.127" classname="Academy.EndtoEnd.HomePage"/>
  <system-out/>
</testsuite> <!-- Academy.EndtoEnd.HomePage -->
